<?xml version="1.0" encoding="UTF-8" standalone="no"?>
<!DOCTYPE properties SYSTEM "http://java.sun.com/dtd/properties.dtd">
<properties>
    <entry key="SystemProperty">
        main.java.leiDina.tec.core.xml.EntityTwo
    </entry>
    <entry key="TestName">
        main.java.leiDina.tec.core.xml.EntityOne,
        main.java.leiDina.tec.core.xml.Entity
    </entry>
</properties>
